Using pre-set license

 COMMAND LINE ARGUMENTS:
/Applications/Unity/Hub/Editor/2020.3.14f1/Unity.app/Contents/MacOS/Unity
-adb2
-batchMode
-noUpm
-name
AssetImportWorker1
-projectPath
/Users/jasonfotso/Capital Interactive/MarsWeatherProject
-logFile
Logs/AssetImportWorker1.log
-srvPort
49249
Successfully changed project path to: /Users/jasonfotso/Capital Interactive/MarsWeatherProject
/Users/jasonfotso/Capital Interactive/MarsWeatherProject
Using Asset Import Pipeline V2.
Refreshing native plugins compatible for Editor in 856.99 ms, found 3 plugins.
Preloading 0 native plugins for Editor in 0.00 ms.
Initialize engine version: 2020.3.14f1 (d0d1bb862f9d)
[Subsystems] Discovering subsystems at path /Applications/Unity/Hub/Editor/2020.3.14f1/Unity.app/Contents/Resources/UnitySubsystems
[Subsystems] Discovering subsystems at path /Users/jasonfotso/Capital Interactive/MarsWeatherProject/Assets
GfxDevice: creating device client; threaded=0
2021-08-03 22:40:41.013 Unity[2778:38798] iMac preferred device: Intel(R) Iris(TM) Graphics 6000 (low power)
2021-08-03 22:40:41.013 Unity[2778:38798] Metal devices available: 1
2021-08-03 22:40:41.013 Unity[2778:38798] 0: Intel(R) Iris(TM) Graphics 6000 (low power)
2021-08-03 22:40:41.014 Unity[2778:38798] Using device Intel(R) Iris(TM) Graphics 6000 (low power)
Initializing Metal device caps: Intel(R) Iris(TM) Graphics 6000
Shader 'Universal Render Pipeline/Particles/Lit': fallback shader 'Universal Render Pipeline/Particles/SimpleLit' not found
Initialize mono
Mono path[0] = '/Applications/Unity/Hub/Editor/2020.3.14f1/Unity.app/Contents/Managed'
Mono path[1] = '/Applications/Unity/Hub/Editor/2020.3.14f1/Unity.app/Contents/MonoBleedingEdge/lib/mono/unityjit'
Mono config path = '/Applications/Unity/Hub/Editor/2020.3.14f1/Unity.app/Contents/MonoBleedingEdge/etc'
Using monoOptions --debugger-agent=transport=dt_socket,embedding=1,server=y,suspend=n,address=127.0.0.1:56778
Begin MonoManager ReloadAssembly
