Using pre-set license

 COMMAND LINE ARGUMENTS:
/Applications/Unity/Hub/Editor/2020.3.14f1/Unity.app/Contents/MacOS/Unity
-adb2
-batchMode
-noUpm
-name
AssetImportWorker5
-projectPath
/Users/jasonfotso/Capital Interactive/MarsWeatherProject
-logFile
Logs/AssetImportWorker5.log
-srvPort
49249
Successfully changed project path to: /Users/jasonfotso/Capital Interactive/MarsWeatherProject
/Users/jasonfotso/Capital Interactive/MarsWeatherProject
Using Asset Import Pipeline V2.
Refreshing native plugins compatible for Editor in 182.26 ms, found 3 plugins.
Preloading 0 native plugins for Editor in 0.00 ms.
Initialize engine version: 2020.3.14f1 (d0d1bb862f9d)
[Subsystems] Discovering subsystems at path /Applications/Unity/Hub/Editor/2020.3.14f1/Unity.app/Contents/Resources/UnitySubsystems
[Subsystems] Discovering subsystems at path /Users/jasonfotso/Capital Interactive/MarsWeatherProject/Assets
GfxDevice: creating device client; threaded=0
2021-08-03 22:42:35.981 Unity[2802:39733] iMac preferred device: Intel(R) Iris(TM) Graphics 6000 (low power)
2021-08-03 22:42:35.981 Unity[2802:39733] Metal devices available: 1
2021-08-03 22:42:35.981 Unity[2802:39733] 0: Intel(R) Iris(TM) Graphics 6000 (low power)
2021-08-03 22:42:35.987 Unity[2802:39733] Using device Intel(R) Iris(TM) Graphics 6000 (low power)
Initializing Metal device caps: Intel(R) Iris(TM) Graphics 6000
Shader 'Universal Render Pipeline/Particles/Lit': fallback shader 'Universal Render Pipeline/Particles/SimpleLit' not found
Initialize mono
Mono path[0] = '/Applications/Unity/Hub/Editor/2020.3.14f1/Unity.app/Contents/Managed'
Mono path[1] = '/Applications/Unity/Hub/Editor/2020.3.14f1/Unity.app/Contents/MonoBleedingEdge/lib/mono/unityjit'
Mono config path = '/Applications/Unity/Hub/Editor/2020.3.14f1/Unity.app/Contents/MonoBleedingEdge/etc'
Using monoOptions --debugger-agent=transport=dt_socket,embedding=1,server=y,suspend=n,address=127.0.0.1:56802
Begin MonoManager ReloadAssembly
Registering precompiled unity dll's ...
Register platform support module: /Applications/Unity/Hub/Editor/2020.3.14f1/Unity.app/Contents/PlaybackEngines/MacStandaloneSupport/UnityEditor.OSXStandalone.Extensions.dll
Registered in 0.000906 seconds.
Native extension for OSXStandalone target not found
Refreshing native plugins compatible for Editor in 92.41 ms, found 3 plugins.
Preloading 0 native plugins for Editor in 0.00 ms.
Mono: successfully reloaded assembly
- Completed reload, in  3.307 seconds
Domain Reload Profiling:
	ReloadAssembly (3307ms)
		BeginReloadAssembly (64ms)
			ExecutionOrderSort (0ms)
			DisableScriptedObjects (0ms)
			BackupInstance (0ms)
			ReleaseScriptingObjects (0ms)
			CreateAndSetChildDomain (1ms)
		EndReloadAssembly (828ms)
			LoadAssemblies (63ms)
			RebuildTransferFunctionScriptingTraits (0ms)
			SetupTypeCache (325ms)
			ReleaseScriptCaches (0ms)
			RebuildScriptCaches (59ms)
			SetupLoadedEditorAssemblies (353ms)
				LogAssemblyErrors (0ms)
				InitializePlatformSupportModulesInManaged (6ms)
				SetLoadedEditorAssemblies (0ms)
				RefreshPlugins (92ms)
				BeforeProcessingInitializeOnLoad (46ms)
				ProcessInitializeOnLoadAttributes (161ms)
				ProcessInitializeOnLoadMethodAttributes (46ms)
				AfterProcessingInitializeOnLoad (0ms)
				EditorAssembliesLoaded (0ms)
			ExecutionOrderSort2 (0ms)
			AwakeInstancesAfterBackupRestoration (0ms)
Platform modules already initialized, skipping
Registering precompiled user dll's ...
Registered in 0.005352 seconds.
Begin MonoManager ReloadAssembly
